0 info it worked if it ends with ok
1 verbose cli [ '/Users/gridgway/.nvm/versions/node/v7.5.0/bin/node',
1 verbose cli   '/Users/gridgway/.nvm/versions/node/v7.5.0/bin/npm',
1 verbose cli   'run',
1 verbose cli   'watch' ]
2 info using npm@4.1.2
3 info using node@v7.5.0
4 verbose run-script [ 'prewatch', 'watch', 'postwatch' ]
5 info lifecycle @uiowa/uids@3.1.8~prewatch: @uiowa/uids@3.1.8
6 silly lifecycle @uiowa/uids@3.1.8~prewatch: no script for prewatch, continuing
7 info lifecycle @uiowa/uids@3.1.8~watch: @uiowa/uids@3.1.8
8 verbose lifecycle @uiowa/uids@3.1.8~watch: unsafe-perm in lifecycle true
9 verbose lifecycle @uiowa/uids@3.1.8~watch: PATH: /Users/gridgway/.nvm/versions/node/v7.5.0/lib/node_modules/npm/bin/node-gyp-bin:/Users/gridgway/acquia/uids/node_modules/.bin:/usr/local/opt/php@7.3/sbin:/usr/local/opt/php@7.3/bin:/Library/Frameworks/Python.framework/Versions/3.6/bin:/Users/gridgway/.rvm/gems/ruby-2.3.3/bin:/Users/gridgway/.rvm/gems/ruby-2.3.3@global/bin:/Users/gridgway/.rvm/rubies/ruby-2.3.3/bin:/Users/gridgway/.nvm/versions/node/v7.5.0/bin:/usr/local/bin:/usr/bin:/bin:/usr/sbin:/sbin:/Users/gridgway/acquia/uids/node_modules/.bin:/Users/gridgway/.composer/vendor/bin:/Users/gridgway/.rvm/bin:/Applications/DevDesktop/drush_9
10 verbose lifecycle @uiowa/uids@3.1.8~watch: CWD: /Users/gridgway/acquia/uids
11 silly lifecycle @uiowa/uids@3.1.8~watch: Args: [ '-c', 'gulp watch' ]
12 silly lifecycle @uiowa/uids@3.1.8~watch: Returned: code: 1  signal: null
13 info lifecycle @uiowa/uids@3.1.8~watch: Failed to exec watch script
14 verbose stack Error: @uiowa/uids@3.1.8 watch: `gulp watch`
14 verbose stack Exit status 1
14 verbose stack     at EventEmitter.<anonymous> (/Users/gridgway/.nvm/versions/node/v7.5.0/lib/node_modules/npm/lib/utils/lifecycle.js:279:16)
14 verbose stack     at emitTwo (events.js:106:13)
14 verbose stack     at EventEmitter.emit (events.js:192:7)
14 verbose stack     at ChildProcess.<anonymous> (/Users/gridgway/.nvm/versions/node/v7.5.0/lib/node_modules/npm/lib/utils/spawn.js:40:14)
14 verbose stack     at emitTwo (events.js:106:13)
14 verbose stack     at ChildProcess.emit (events.js:192:7)
14 verbose stack     at maybeClose (internal/child_process.js:890:16)
14 verbose stack     at Process.ChildProcess._handle.onexit (internal/child_process.js:226:5)
15 verbose pkgid @uiowa/uids@3.1.8
16 verbose cwd /Users/gridgway/acquia/uids
17 error Darwin 18.7.0
18 error argv "/Users/gridgway/.nvm/versions/node/v7.5.0/bin/node" "/Users/gridgway/.nvm/versions/node/v7.5.0/bin/npm" "run" "watch"
19 error node v7.5.0
20 error npm  v4.1.2
21 error code ELIFECYCLE
22 error @uiowa/uids@3.1.8 watch: `gulp watch`
22 error Exit status 1
23 error Failed at the @uiowa/uids@3.1.8 watch script 'gulp watch'.
23 error Make sure you have the latest version of node.js and npm installed.
23 error If you do, this is most likely a problem with the @uiowa/uids package,
23 error not with npm itself.
23 error Tell the author that this fails on your system:
23 error     gulp watch
23 error You can get information on how to open an issue for this project with:
23 error     npm bugs @uiowa/uids
23 error Or if that isn't available, you can get their info via:
23 error     npm owner ls @uiowa/uids
23 error There is likely additional logging output above.
24 verbose exit [ 1, true ]
